<?xml version="1.0" encoding="UTF-8"?>
<!-- Generated by org.testng.reporters.JUnitReportReporter -->
<testsuite hostname="admins-MacBook-Pro.local" failures="0" tests="2" name="com.apotheke.test.LoginTest" time="9.526" errors="0" timestamp="2021-11-30T23:19:14 CET" skipped="0">
  <testcase classname="com.apotheke.test.LoginTest" name="verifyLogin" time="5.370"/>
  <system-out/>
  <testcase classname="com.apotheke.test.LoginTest" name="tryWrongLogin" time="4.156"/>
  <system-out/>
</testsuite> <!-- com.apotheke.test.LoginTest -->
